{"C:\\Users\\danie\\Documents\\MemoryMatchGame\\SCL017-memory-match-game\\src\\components\\App.js": {"path":"C:\\Users\\danie\\Documents\\MemoryMatchGame\\SCL017-memory-match-game\\src\\components\\App.js","statementMap":{"0":{"start":{"line":19,"column":12},"end":{"line":78,"column":1}},"1":{"start":{"line":21,"column":18},"end":{"line":21,"column":40}},"2":{"start":{"line":22,"column":22},"end":{"line":22,"column":50}},"3":{"start":{"line":23,"column":21},"end":{"line":23,"column":54}},"4":{"start":{"line":24,"column":0},"end":{"line":24,"column":40}},"5":{"start":{"line":25,"column":21},"end":{"line":25,"column":54}},"6":{"start":{"line":26,"column":0},"end":{"line":26,"column":32}},"7":{"start":{"line":27,"column":0},"end":{"line":27,"column":43}},"8":{"start":{"line":30,"column":14},"end":{"line":30,"column":43}},"9":{"start":{"line":31,"column":0},"end":{"line":31,"column":28}},"10":{"start":{"line":32,"column":0},"end":{"line":32,"column":35}},"11":{"start":{"line":33,"column":0},"end":{"line":33,"column":29}},"12":{"start":{"line":34,"column":0},"end":{"line":34,"column":35}},"13":{"start":{"line":37,"column":13},"end":{"line":37,"column":40}},"14":{"start":{"line":38,"column":0},"end":{"line":38,"column":26}},"15":{"start":{"line":39,"column":0},"end":{"line":39,"column":49}},"16":{"start":{"line":40,"column":0},"end":{"line":40,"column":28}},"17":{"start":{"line":42,"column":19},"end":{"line":42,"column":48}},"18":{"start":{"line":43,"column":0},"end":{"line":43,"column":38}},"19":{"start":{"line":44,"column":0},"end":{"line":44,"column":41}},"20":{"start":{"line":45,"column":0},"end":{"line":45,"column":34}},"21":{"start":{"line":50,"column":0},"end":{"line":73,"column":5}},"22":{"start":{"line":51,"column":13},"end":{"line":51,"column":42}},"23":{"start":{"line":52,"column":2},"end":{"line":52,"column":24}},"24":{"start":{"line":53,"column":2},"end":{"line":53,"column":25}},"25":{"start":{"line":54,"column":18},"end":{"line":54,"column":47}},"26":{"start":{"line":55,"column":23},"end":{"line":55,"column":52}},"27":{"start":{"line":56,"column":14},"end":{"line":56,"column":45}},"28":{"start":{"line":57,"column":2},"end":{"line":57,"column":43}},"29":{"start":{"line":58,"column":2},"end":{"line":58,"column":34}},"30":{"start":{"line":59,"column":2},"end":{"line":59,"column":35}},"31":{"start":{"line":60,"column":2},"end":{"line":60,"column":27}},"32":{"start":{"line":61,"column":17},"end":{"line":61,"column":46}},"33":{"start":{"line":62,"column":22},"end":{"line":62,"column":51}},"34":{"start":{"line":63,"column":2},"end":{"line":63,"column":32}},"35":{"start":{"line":64,"column":2},"end":{"line":64,"column":38}},"36":{"start":{"line":65,"column":2},"end":{"line":65,"column":44}},"37":{"start":{"line":66,"column":2},"end":{"line":66,"column":40}},"38":{"start":{"line":67,"column":2},"end":{"line":67,"column":38}},"39":{"start":{"line":68,"column":2},"end":{"line":68,"column":30}},"40":{"start":{"line":69,"column":2},"end":{"line":69,"column":29}},"41":{"start":{"line":70,"column":2},"end":{"line":70,"column":26}},"42":{"start":{"line":71,"column":2},"end":{"line":71,"column":35}},"43":{"start":{"line":75,"column":3},"end":{"line":75,"column":45}},"44":{"start":{"line":76,"column":3},"end":{"line":76,"column":24}}},"fnMap":{"0":{"name":"(anonymous_0)","decl":{"start":{"line":19,"column":12},"end":{"line":19,"column":13}},"loc":{"start":{"line":19,"column":29},"end":{"line":78,"column":1}},"line":19},"1":{"name":"(anonymous_1)","decl":{"start":{"line":50,"column":13},"end":{"line":50,"column":14}},"loc":{"start":{"line":50,"column":27},"end":{"line":73,"column":3}},"line":50}},"branchMap":{},"s":{"0":1,"1":1,"2":1,"3":1,"4":1,"5":1,"6":1,"7":1,"8":1,"9":1,"10":1,"11":1,"12":1,"13":1,"14":1,"15":1,"16":1,"17":1,"18":1,"19":1,"20":1,"21":1,"22":4,"23":4,"24":4,"25":4,"26":4,"27":4,"28":4,"29":4,"30":4,"31":4,"32":4,"33":4,"34":4,"35":4,"36":4,"37":4,"38":4,"39":4,"40":4,"41":4,"42":4,"43":1,"44":1},"f":{"0":1,"1":4},"b":{},"_coverageSchema":"1a1c01bbd47fc00a2c39e90264f33305004495a9","hash":"b6ebc85ae8528adf50eb1c65b7e33311c67a26b6"}
,"C:\\Users\\danie\\Documents\\MemoryMatchGame\\SCL017-memory-match-game\\src\\components\\Match.js": {"path":"C:\\Users\\danie\\Documents\\MemoryMatchGame\\SCL017-memory-match-game\\src\\components\\Match.js","statementMap":{"0":{"start":{"line":1,"column":14},"end":{"line":6,"column":5}},"1":{"start":{"line":2,"column":21},"end":{"line":2,"column":58}},"2":{"start":{"line":3,"column":4},"end":{"line":5,"column":7}},"3":{"start":{"line":4,"column":6},"end":{"line":4,"column":34}}},"fnMap":{"0":{"name":"(anonymous_0)","decl":{"start":{"line":1,"column":14},"end":{"line":1,"column":15}},"loc":{"start":{"line":1,"column":20},"end":{"line":6,"column":5}},"line":1},"1":{"name":"(anonymous_1)","decl":{"start":{"line":3,"column":21},"end":{"line":3,"column":22}},"loc":{"start":{"line":3,"column":29},"end":{"line":5,"column":5}},"line":3}},"branchMap":{},"s":{"0":1,"1":1,"2":1,"3":2},"f":{"0":1,"1":2},"b":{},"_coverageSchema":"1a1c01bbd47fc00a2c39e90264f33305004495a9","hash":"3c4422cada64dea43bc711fce98815abbea9f728"}
,"C:\\Users\\danie\\Documents\\MemoryMatchGame\\SCL017-memory-match-game\\src\\components\\ResetGuesses.js": {"path":"C:\\Users\\danie\\Documents\\MemoryMatchGame\\SCL017-memory-match-game\\src\\components\\ResetGuesses.js","statementMap":{"0":{"start":{"line":1,"column":21},"end":{"line":8,"column":5}},"1":{"start":{"line":4,"column":19},"end":{"line":4,"column":56}},"2":{"start":{"line":5,"column":4},"end":{"line":7,"column":7}},"3":{"start":{"line":6,"column":6},"end":{"line":6,"column":39}}},"fnMap":{"0":{"name":"(anonymous_0)","decl":{"start":{"line":1,"column":21},"end":{"line":1,"column":22}},"loc":{"start":{"line":1,"column":27},"end":{"line":8,"column":5}},"line":1},"1":{"name":"(anonymous_1)","decl":{"start":{"line":5,"column":21},"end":{"line":5,"column":22}},"loc":{"start":{"line":5,"column":29},"end":{"line":7,"column":5}},"line":5}},"branchMap":{},"s":{"0":1,"1":1,"2":1,"3":2},"f":{"0":1,"1":2},"b":{},"_coverageSchema":"1a1c01bbd47fc00a2c39e90264f33305004495a9","hash":"c81e6d62f8dcfbd92c7e947d76e5babcbccb4f0f"}
}
